2019-03-07 10:54:13.888 [main] INFO  com.zkyx.xb.test.redisTest - Starting redisTest on DESKTOP-JAOEENU with PID 13316 (started by ZKYX in D:\Project\XB_java)
2019-03-07 10:54:13.896 [main] INFO  com.zkyx.xb.test.redisTest - The following profiles are active: dev
2019-03-07 10:54:16.390 [main] INFO  o.s.d.r.config.RepositoryConfigurationDelegate - Multiple Spring Data modules found, entering strict repository configuration mode!
2019-03-07 10:54:16.399 [main] INFO  o.s.d.r.config.RepositoryConfigurationDelegate - Bootstrapping Spring Data repositories in DEFAULT mode.
2019-03-07 10:54:16.460 [main] INFO  o.s.d.r.config.RepositoryConfigurationDelegate - Finished Spring Data repository scanning in 32ms. Found 0 repository interfaces.
2019-03-07 10:54:16.558 [main] INFO  o.s.d.r.config.RepositoryConfigurationDelegate - Multiple Spring Data modules found, entering strict repository configuration mode!
2019-03-07 10:54:16.562 [main] INFO  o.s.d.r.config.RepositoryConfigurationDelegate - Bootstrapping Spring Data repositories in DEFAULT mode.
2019-03-07 10:54:16.639 [main] INFO  o.s.d.r.config.RepositoryConfigurationDelegate - Finished Spring Data repository scanning in 31ms. Found 0 repository interfaces.
2019-03-07 10:54:17.849 [main] INFO  o.s.c.s.PostProcessorRegistrationDelegate$BeanPostProcessorChecker - Bean 'org.springframework.transaction.annotation.ProxyTransactionManagementConfiguration' of type [org.springframework.transaction.annotation.ProxyTransactionManagementConfiguration$$EnhancerBySpringCGLIB$$36d58086] is not eligible for getting processed by all BeanPostProcessors (for example: not eligible for auto-proxying)
2019-03-07 10:54:20.096 [main] INFO  com.alibaba.druid.pool.DruidDataSource - {dataSource-1} inited
2019-03-07 10:54:20.278 [main] INFO  org.hibernate.jpa.internal.util.LogHelper - HHH000204: Processing PersistenceUnitInfo [
	name: default
	...]
2019-03-07 10:54:20.694 [main] INFO  org.hibernate.Version - HHH000412: Hibernate Core {5.3.7.Final}
2019-03-07 10:54:20.701 [main] INFO  org.hibernate.cfg.Environment - HHH000206: hibernate.properties not found
2019-03-07 10:54:21.997 [main] INFO  org.hibernate.annotations.common.Version - HCANN000001: Hibernate Commons Annotations {5.0.4.Final}
2019-03-07 10:54:22.753 [main] INFO  org.hibernate.dialect.Dialect - HHH000400: Using dialect: org.hibernate.dialect.Oracle12cDialect
2019-03-07 10:54:22.906 [main] INFO  org.hibernate.type.BasicTypeRegistry - HHH000270: Type registration [byte[]] overrides previous : org.hibernate.type.BinaryType@e784320
2019-03-07 10:54:22.907 [main] INFO  org.hibernate.type.BasicTypeRegistry - HHH000270: Type registration [[B] overrides previous : org.hibernate.type.BinaryType@e784320
2019-03-07 10:54:22.907 [main] INFO  org.hibernate.type.BasicTypeRegistry - HHH000270: Type registration [Byte[]] overrides previous : org.hibernate.type.WrapperBinaryType@4bdf
2019-03-07 10:54:22.907 [main] INFO  org.hibernate.type.BasicTypeRegistry - HHH000270: Type registration [[Ljava.lang.Byte;] overrides previous : org.hibernate.type.WrapperBinaryType@4bdf
2019-03-07 10:54:23.601 [main] INFO  o.s.orm.jpa.LocalContainerEntityManagerFactoryBean - Initialized JPA EntityManagerFactory for persistence unit 'default'
2019-03-07 10:54:26.122 [main] INFO  o.s.scheduling.concurrent.ThreadPoolTaskExecutor - Initializing ExecutorService 'applicationTaskExecutor'
2019-03-07 10:54:27.701 [main] INFO  com.zkyx.xb.test.redisTest - Started redisTest in 15.052 seconds (JVM running for 18.782)
2019-03-07 10:54:28.237 [main] INFO  io.lettuce.core.EpollProvider - Starting without optional epoll library
2019-03-07 10:54:28.239 [main] INFO  io.lettuce.core.KqueueProvider - Starting without optional kqueue library
2019-03-07 10:54:30.102 [Thread-2] INFO  o.s.scheduling.concurrent.ThreadPoolTaskExecutor - Shutting down ExecutorService 'applicationTaskExecutor'
2019-03-07 10:54:30.105 [Thread-2] INFO  o.s.orm.jpa.LocalContainerEntityManagerFactoryBean - Closing JPA EntityManagerFactory for persistence unit 'default'
2019-03-07 10:54:30.142 [Thread-2] INFO  com.alibaba.druid.pool.DruidDataSource - {dataSource-1} closed
2019-03-07 10:59:26.654 [main] INFO  com.zkyx.xb.test.redisTest - Starting redisTest on DESKTOP-JAOEENU with PID 20580 (started by ZKYX in D:\Project\XB_java)
2019-03-07 10:59:26.656 [main] INFO  com.zkyx.xb.test.redisTest - The following profiles are active: dev
2019-03-07 10:59:27.803 [main] INFO  o.s.d.r.config.RepositoryConfigurationDelegate - Multiple Spring Data modules found, entering strict repository configuration mode!
2019-03-07 10:59:27.806 [main] INFO  o.s.d.r.config.RepositoryConfigurationDelegate - Bootstrapping Spring Data repositories in DEFAULT mode.
2019-03-07 10:59:27.839 [main] INFO  o.s.d.r.config.RepositoryConfigurationDelegate - Finished Spring Data repository scanning in 22ms. Found 0 repository interfaces.
2019-03-07 10:59:27.861 [main] INFO  o.s.d.r.config.RepositoryConfigurationDelegate - Multiple Spring Data modules found, entering strict repository configuration mode!
2019-03-07 10:59:27.862 [main] INFO  o.s.d.r.config.RepositoryConfigurationDelegate - Bootstrapping Spring Data repositories in DEFAULT mode.
2019-03-07 10:59:27.888 [main] INFO  o.s.d.r.config.RepositoryConfigurationDelegate - Finished Spring Data repository scanning in 10ms. Found 0 repository interfaces.
2019-03-07 10:59:28.365 [main] INFO  o.s.c.s.PostProcessorRegistrationDelegate$BeanPostProcessorChecker - Bean 'org.springframework.transaction.annotation.ProxyTransactionManagementConfiguration' of type [org.springframework.transaction.annotation.ProxyTransactionManagementConfiguration$$EnhancerBySpringCGLIB$$e6b9fa58] is not eligible for getting processed by all BeanPostProcessors (for example: not eligible for auto-proxying)
2019-03-07 10:59:29.930 [main] INFO  com.alibaba.druid.pool.DruidDataSource - {dataSource-1} inited
2019-03-07 10:59:30.069 [main] INFO  org.hibernate.jpa.internal.util.LogHelper - HHH000204: Processing PersistenceUnitInfo [
	name: default
	...]
2019-03-07 10:59:30.158 [main] INFO  org.hibernate.Version - HHH000412: Hibernate Core {5.3.7.Final}
2019-03-07 10:59:30.159 [main] INFO  org.hibernate.cfg.Environment - HHH000206: hibernate.properties not found
2019-03-07 10:59:30.382 [main] INFO  org.hibernate.annotations.common.Version - HCANN000001: Hibernate Commons Annotations {5.0.4.Final}
2019-03-07 10:59:30.558 [main] INFO  org.hibernate.dialect.Dialect - HHH000400: Using dialect: org.hibernate.dialect.Oracle12cDialect
2019-03-07 10:59:30.651 [main] INFO  org.hibernate.type.BasicTypeRegistry - HHH000270: Type registration [byte[]] overrides previous : org.hibernate.type.BinaryType@27abb6ca
2019-03-07 10:59:30.651 [main] INFO  org.hibernate.type.BasicTypeRegistry - HHH000270: Type registration [[B] overrides previous : org.hibernate.type.BinaryType@27abb6ca
2019-03-07 10:59:30.652 [main] INFO  org.hibernate.type.BasicTypeRegistry - HHH000270: Type registration [Byte[]] overrides previous : org.hibernate.type.WrapperBinaryType@7d986d83
2019-03-07 10:59:30.653 [main] INFO  org.hibernate.type.BasicTypeRegistry - HHH000270: Type registration [[Ljava.lang.Byte;] overrides previous : org.hibernate.type.WrapperBinaryType@7d986d83
2019-03-07 10:59:30.999 [main] INFO  o.s.orm.jpa.LocalContainerEntityManagerFactoryBean - Initialized JPA EntityManagerFactory for persistence unit 'default'
2019-03-07 10:59:32.238 [main] INFO  o.s.scheduling.concurrent.ThreadPoolTaskExecutor - Initializing ExecutorService 'applicationTaskExecutor'
2019-03-07 10:59:33.456 [main] INFO  com.zkyx.xb.test.redisTest - Started redisTest in 7.687 seconds (JVM running for 9.617)
2019-03-07 10:59:33.676 [main] INFO  io.lettuce.core.EpollProvider - Starting without optional epoll library
2019-03-07 10:59:33.679 [main] INFO  io.lettuce.core.KqueueProvider - Starting without optional kqueue library
2019-03-07 10:59:35.586 [Thread-2] INFO  o.s.scheduling.concurrent.ThreadPoolTaskExecutor - Shutting down ExecutorService 'applicationTaskExecutor'
2019-03-07 10:59:35.588 [Thread-2] INFO  o.s.orm.jpa.LocalContainerEntityManagerFactoryBean - Closing JPA EntityManagerFactory for persistence unit 'default'
2019-03-07 10:59:35.611 [Thread-2] INFO  com.alibaba.druid.pool.DruidDataSource - {dataSource-1} closed
2019-03-07 14:38:24.802 [main] INFO  com.zkyx.xb.test.redisTest - Starting redisTest on DESKTOP-JAOEENU with PID 12764 (started by ZKYX in D:\Project\XB_java)
2019-03-07 14:38:24.819 [main] INFO  com.zkyx.xb.test.redisTest - The following profiles are active: dev
2019-03-07 14:38:25.963 [main] INFO  o.s.d.r.config.RepositoryConfigurationDelegate - Multiple Spring Data modules found, entering strict repository configuration mode!
2019-03-07 14:38:25.965 [main] INFO  o.s.d.r.config.RepositoryConfigurationDelegate - Bootstrapping Spring Data repositories in DEFAULT mode.
2019-03-07 14:38:25.999 [main] INFO  o.s.d.r.config.RepositoryConfigurationDelegate - Finished Spring Data repository scanning in 21ms. Found 0 repository interfaces.
2019-03-07 14:38:26.019 [main] INFO  o.s.d.r.config.RepositoryConfigurationDelegate - Multiple Spring Data modules found, entering strict repository configuration mode!
2019-03-07 14:38:26.021 [main] INFO  o.s.d.r.config.RepositoryConfigurationDelegate - Bootstrapping Spring Data repositories in DEFAULT mode.
2019-03-07 14:38:26.040 [main] INFO  o.s.d.r.config.RepositoryConfigurationDelegate - Finished Spring Data repository scanning in 5ms. Found 0 repository interfaces.
2019-03-07 14:38:26.530 [main] INFO  o.s.c.s.PostProcessorRegistrationDelegate$BeanPostProcessorChecker - Bean 'org.springframework.transaction.annotation.ProxyTransactionManagementConfiguration' of type [org.springframework.transaction.annotation.ProxyTransactionManagementConfiguration$$EnhancerBySpringCGLIB$$2581bff4] is not eligible for getting processed by all BeanPostProcessors (for example: not eligible for auto-proxying)
2019-03-07 14:38:27.823 [main] INFO  com.alibaba.druid.pool.DruidDataSource - {dataSource-1} inited
2019-03-07 14:38:27.938 [main] INFO  org.hibernate.jpa.internal.util.LogHelper - HHH000204: Processing PersistenceUnitInfo [
	name: default
	...]
2019-03-07 14:38:28.061 [main] INFO  org.hibernate.Version - HHH000412: Hibernate Core {5.3.7.Final}
2019-03-07 14:38:28.062 [main] INFO  org.hibernate.cfg.Environment - HHH000206: hibernate.properties not found
2019-03-07 14:38:28.304 [main] INFO  org.hibernate.annotations.common.Version - HCANN000001: Hibernate Commons Annotations {5.0.4.Final}
2019-03-07 14:38:28.523 [main] INFO  org.hibernate.dialect.Dialect - HHH000400: Using dialect: org.hibernate.dialect.Oracle12cDialect
2019-03-07 14:38:28.586 [main] INFO  org.hibernate.type.BasicTypeRegistry - HHH000270: Type registration [byte[]] overrides previous : org.hibernate.type.BinaryType@16736040
2019-03-07 14:38:28.586 [main] INFO  org.hibernate.type.BasicTypeRegistry - HHH000270: Type registration [[B] overrides previous : org.hibernate.type.BinaryType@16736040
2019-03-07 14:38:28.586 [main] INFO  org.hibernate.type.BasicTypeRegistry - HHH000270: Type registration [Byte[]] overrides previous : org.hibernate.type.WrapperBinaryType@3f96f020
2019-03-07 14:38:28.587 [main] INFO  org.hibernate.type.BasicTypeRegistry - HHH000270: Type registration [[Ljava.lang.Byte;] overrides previous : org.hibernate.type.WrapperBinaryType@3f96f020
2019-03-07 14:38:28.803 [main] INFO  o.s.orm.jpa.LocalContainerEntityManagerFactoryBean - Initialized JPA EntityManagerFactory for persistence unit 'default'
2019-03-07 14:38:30.667 [main] INFO  o.s.scheduling.concurrent.ThreadPoolTaskExecutor - Initializing ExecutorService 'applicationTaskExecutor'
2019-03-07 14:38:31.302 [main] INFO  com.zkyx.xb.test.redisTest - Started redisTest in 7.43 seconds (JVM running for 9.304)
2019-03-07 14:38:31.527 [main] INFO  io.lettuce.core.EpollProvider - Starting without optional epoll library
2019-03-07 14:38:31.529 [main] INFO  io.lettuce.core.KqueueProvider - Starting without optional kqueue library
2019-03-07 14:38:32.144 [Thread-2] INFO  o.s.scheduling.concurrent.ThreadPoolTaskExecutor - Shutting down ExecutorService 'applicationTaskExecutor'
2019-03-07 14:38:33.283 [Thread-2] INFO  o.s.orm.jpa.LocalContainerEntityManagerFactoryBean - Closing JPA EntityManagerFactory for persistence unit 'default'
2019-03-07 14:38:33.311 [Thread-2] INFO  com.alibaba.druid.pool.DruidDataSource - {dataSource-1} closed
2019-03-07 17:28:30.549 [main] INFO  com.zkyx.xb.test.redisTest - Starting redisTest on DESKTOP-JAOEENU with PID 24748 (started by ZKYX in D:\Project\XB_java)
2019-03-07 17:28:30.551 [main] INFO  com.zkyx.xb.test.redisTest - The following profiles are active: dev
2019-03-07 17:28:31.455 [main] INFO  o.s.d.r.config.RepositoryConfigurationDelegate - Multiple Spring Data modules found, entering strict repository configuration mode!
2019-03-07 17:28:31.457 [main] INFO  o.s.d.r.config.RepositoryConfigurationDelegate - Bootstrapping Spring Data repositories in DEFAULT mode.
2019-03-07 17:28:31.486 [main] INFO  o.s.d.r.config.RepositoryConfigurationDelegate - Finished Spring Data repository scanning in 22ms. Found 0 repository interfaces.
2019-03-07 17:28:31.501 [main] INFO  o.s.d.r.config.RepositoryConfigurationDelegate - Multiple Spring Data modules found, entering strict repository configuration mode!
2019-03-07 17:28:31.503 [main] INFO  o.s.d.r.config.RepositoryConfigurationDelegate - Bootstrapping Spring Data repositories in DEFAULT mode.
2019-03-07 17:28:31.522 [main] INFO  o.s.d.r.config.RepositoryConfigurationDelegate - Finished Spring Data repository scanning in 8ms. Found 0 repository interfaces.
2019-03-07 17:28:31.992 [main] INFO  o.s.c.s.PostProcessorRegistrationDelegate$BeanPostProcessorChecker - Bean 'org.springframework.transaction.annotation.ProxyTransactionManagementConfiguration' of type [org.springframework.transaction.annotation.ProxyTransactionManagementConfiguration$$EnhancerBySpringCGLIB$$b6880344] is not eligible for getting processed by all BeanPostProcessors (for example: not eligible for auto-proxying)
2019-03-07 17:28:33.083 [main] INFO  com.alibaba.druid.pool.DruidDataSource - {dataSource-1} inited
2019-03-07 17:28:33.165 [main] INFO  org.hibernate.jpa.internal.util.LogHelper - HHH000204: Processing PersistenceUnitInfo [
	name: default
	...]
2019-03-07 17:28:33.236 [main] INFO  org.hibernate.Version - HHH000412: Hibernate Core {5.3.7.Final}
2019-03-07 17:28:33.238 [main] INFO  org.hibernate.cfg.Environment - HHH000206: hibernate.properties not found
2019-03-07 17:28:33.417 [main] INFO  org.hibernate.annotations.common.Version - HCANN000001: Hibernate Commons Annotations {5.0.4.Final}
2019-03-07 17:28:33.570 [main] INFO  org.hibernate.dialect.Dialect - HHH000400: Using dialect: org.hibernate.dialect.Oracle12cDialect
2019-03-07 17:28:33.626 [main] INFO  org.hibernate.type.BasicTypeRegistry - HHH000270: Type registration [byte[]] overrides previous : org.hibernate.type.BinaryType@76e3b45b
2019-03-07 17:28:33.627 [main] INFO  org.hibernate.type.BasicTypeRegistry - HHH000270: Type registration [[B] overrides previous : org.hibernate.type.BinaryType@76e3b45b
2019-03-07 17:28:33.628 [main] INFO  org.hibernate.type.BasicTypeRegistry - HHH000270: Type registration [Byte[]] overrides previous : org.hibernate.type.WrapperBinaryType@66813e6e
2019-03-07 17:28:33.628 [main] INFO  org.hibernate.type.BasicTypeRegistry - HHH000270: Type registration [[Ljava.lang.Byte;] overrides previous : org.hibernate.type.WrapperBinaryType@66813e6e
2019-03-07 17:28:33.792 [main] INFO  o.s.orm.jpa.LocalContainerEntityManagerFactoryBean - Initialized JPA EntityManagerFactory for persistence unit 'default'
2019-03-07 17:28:34.119 [main] INFO  org.quartz.impl.StdSchedulerFactory - Using default implementation for ThreadExecutor
2019-03-07 17:28:34.136 [main] INFO  org.quartz.core.SchedulerSignalerImpl - Initialized Scheduler Signaller of type: class org.quartz.core.SchedulerSignalerImpl
2019-03-07 17:28:34.136 [main] INFO  org.quartz.core.QuartzScheduler - Quartz Scheduler v.2.3.0 created.
2019-03-07 17:28:34.137 [main] INFO  org.quartz.simpl.RAMJobStore - RAMJobStore initialized.
2019-03-07 17:28:34.138 [main] INFO  org.quartz.core.QuartzScheduler - Scheduler meta-data: Quartz Scheduler (v2.3.0) 'quartzScheduler' with instanceId 'NON_CLUSTERED'
  Scheduler class: 'org.quartz.core.QuartzScheduler' - running locally.
  NOT STARTED.
  Currently in standby mode.
  Number of jobs executed: 0
  Using thread pool 'org.quartz.simpl.SimpleThreadPool' - with 10 threads.
  Using job-store 'org.quartz.simpl.RAMJobStore' - which does not support persistence. and is not clustered.

2019-03-07 17:28:34.139 [main] INFO  org.quartz.impl.StdSchedulerFactory - Quartz scheduler 'quartzScheduler' initialized from an externally provided properties instance.
2019-03-07 17:28:34.139 [main] INFO  org.quartz.impl.StdSchedulerFactory - Quartz scheduler version: 2.3.0
2019-03-07 17:28:34.139 [main] INFO  org.quartz.core.QuartzScheduler - JobFactory set to: org.springframework.scheduling.quartz.SpringBeanJobFactory@510689af
2019-03-07 17:28:34.143 [main] INFO  org.quartz.core.QuartzScheduler - Scheduler quartzScheduler_$_NON_CLUSTERED started.
2019-03-07 17:28:35.471 [main] INFO  o.s.scheduling.concurrent.ThreadPoolTaskExecutor - Initializing ExecutorService 'applicationTaskExecutor'
2019-03-07 17:28:36.035 [main] INFO  o.s.scheduling.concurrent.ThreadPoolTaskScheduler - Initializing ExecutorService 'taskScheduler'
2019-03-07 17:28:36.137 [main] INFO  com.zkyx.xb.test.redisTest - Started redisTest in 6.279 seconds (JVM running for 8.125)
2019-03-07 17:28:36.443 [Thread-2] INFO  org.quartz.core.QuartzScheduler - Scheduler quartzScheduler_$_NON_CLUSTERED paused.
2019-03-07 17:28:36.444 [Thread-2] INFO  o.s.scheduling.concurrent.ThreadPoolTaskScheduler - Shutting down ExecutorService 'taskScheduler'
2019-03-07 17:28:36.447 [Thread-2] INFO  o.s.scheduling.concurrent.ThreadPoolTaskExecutor - Shutting down ExecutorService 'applicationTaskExecutor'
2019-03-07 17:28:36.842 [Thread-2] INFO  o.s.scheduling.quartz.SchedulerFactoryBean - Shutting down Quartz Scheduler
2019-03-07 17:28:36.842 [Thread-2] INFO  org.quartz.core.QuartzScheduler - Scheduler quartzScheduler_$_NON_CLUSTERED shutting down.
2019-03-07 17:28:36.842 [Thread-2] INFO  org.quartz.core.QuartzScheduler - Scheduler quartzScheduler_$_NON_CLUSTERED paused.
2019-03-07 17:28:36.844 [Thread-2] INFO  org.quartz.core.QuartzScheduler - Scheduler quartzScheduler_$_NON_CLUSTERED shutdown complete.
2019-03-07 17:28:36.844 [Thread-2] INFO  o.s.orm.jpa.LocalContainerEntityManagerFactoryBean - Closing JPA EntityManagerFactory for persistence unit 'default'
2019-03-07 17:28:36.869 [Thread-2] INFO  com.alibaba.druid.pool.DruidDataSource - {dataSource-1} closed
